<?xml version="1.0" encoding="UTF-8"?><testrun name="testeSenhas" project="testeMania" tests="1" started="1" failures="0" errors="1" ignored="0">
  <testsuite name="testeMania.testeSenhas" time="0.138">
    <testcase name="testeNavegador" classname="testeMania.testeSenhas" time="0.138">
      <error>java.lang.IllegalStateException: The path to the driver executable must be set by the webdriver.chrome.driver system property; for more information, see https://github.com/SeleniumHQ/selenium/wiki/ChromeDriver. The latest version can be downloaded from http://chromedriver.storage.googleapis.com/index.html&#13;
	at com.google.common.base.Preconditions.checkState(Preconditions.java:847)&#13;
	at org.openqa.selenium.remote.service.DriverService.findExecutable(DriverService.java:134)&#13;
	at org.openqa.selenium.chrome.ChromeDriverService.access$000(ChromeDriverService.java:35)&#13;
	at org.openqa.selenium.chrome.ChromeDriverService$Builder.findDefaultExecutable(ChromeDriverService.java:159)&#13;
	at org.openqa.selenium.remote.service.DriverService$Builder.build(DriverService.java:355)&#13;
	at org.openqa.selenium.chrome.ChromeDriverService.createDefaultService(ChromeDriverService.java:94)&#13;
	at org.openqa.selenium.chrome.ChromeDriver.&lt;init&gt;(ChromeDriver.java:123)&#13;
	at testeMania.testeSenhas.abrirNavegador(testeSenhas.java:14)&#13;
	at java.base/jdk.internal.reflect.NativeMethodAccessorImpl.invoke0(Native Method)&#13;
	at java.base/jdk.internal.reflect.NativeMethodAccessorImpl.invoke(NativeMethodAccessorImpl.java:77)&#13;
	at java.base/jdk.internal.reflect.DelegatingMethodAccessorImpl.invoke(DelegatingMethodAccessorImpl.java:43)&#13;
	at java.base/java.lang.reflect.Method.invoke(Method.java:568)&#13;
	at org.junit.internal.runners.MethodRoadie.runBefores(MethodRoadie.java:122)&#13;
	at org.junit.internal.runners.MethodRoadie.runBeforesThenTestThenAfters(MethodRoadie.java:86)&#13;
	at org.junit.internal.runners.MethodRoadie.runTest(MethodRoadie.java:77)&#13;
	at org.junit.internal.runners.MethodRoadie.run(MethodRoadie.java:42)&#13;
	at org.junit.internal.runners.JUnit4ClassRunner.invokeTestMethod(JUnit4ClassRunner.java:88)&#13;
	at org.junit.internal.runners.JUnit4ClassRunner.runMethods(JUnit4ClassRunner.java:51)&#13;
	at org.junit.internal.runners.JUnit4ClassRunner$1.run(JUnit4ClassRunner.java:44)&#13;
	at org.junit.internal.runners.ClassRoadie.runUnprotected(ClassRoadie.java:27)&#13;
	at org.junit.internal.runners.ClassRoadie.runProtected(ClassRoadie.java:37)&#13;
	at org.junit.internal.runners.JUnit4ClassRunner.run(JUnit4ClassRunner.java:42)&#13;
	at org.eclipse.jdt.internal.junit4.runner.JUnit4TestReference.run(JUnit4TestReference.java:93)&#13;
	at org.eclipse.jdt.internal.junit.runner.TestExecution.run(TestExecution.java:40)&#13;
	at org.eclipse.jdt.internal.junit.runner.RemoteTestRunner.runTests(RemoteTestRunner.java:529)&#13;
	at org.eclipse.jdt.internal.junit.runner.RemoteTestRunner.runTests(RemoteTestRunner.java:756)&#13;
	at org.eclipse.jdt.internal.junit.runner.RemoteTestRunner.run(RemoteTestRunner.java:452)&#13;
	at org.eclipse.jdt.internal.junit.runner.RemoteTestRunner.main(RemoteTestRunner.java:210)&#13;
&#13;
</error>
    </testcase>
  </testsuite>
</testrun>
